 
****************************************
Report : power
        -cell
        -analysis_effort low
        -sort_mode cell_internal_power
Design : DLX_IR_SIZE32_PC_SIZE32
Version: Z-2007.03-SP1
Date   : Tue Jul 18 14:16:58 2017
****************************************


Library(s) Used:

    NangateOpenCellLibrary (File: /home/mariagrazia.graziano/do/libnangate/NangateOpenCellLibrary_typical_ecsm.db)


Operating Conditions: typical   Library: NangateOpenCellLibrary
Wire Load Model Mode: top

Design        Wire Load Model            Library
------------------------------------------------
DLX_IR_SIZE32_PC_SIZE32
                       5K_hvratio_1_1    NangateOpenCellLibrary


Global Operating Voltage = 1.1  
Power-specific unit information :
    Voltage Units = 1V
    Capacitance Units = 1.000000ff
    Time Units = 1ns
    Dynamic Power Units = 1uW    (derived from V,C,T units)
    Leakage Power Units = 1nW



  Attributes
  ----------
      h  -  Hierarchical cell

                        Cell      Driven Net  Tot Dynamic      Cell
                        Internal  Switching   Power            Leakage
Cell                    Power     Power       (% Cell/Tot)     Power      Attrs
--------------------------------------------------------------------------------
dp                      2.855e+03       N/A        N/A (N/A)   274695.7812
                                                                          h
CU                        39.6302       N/A        N/A (N/A)   3984.3076  h
pc_in_i_reg[0]             3.5340    0.3419      3.876 (91%)     85.2078   
IRAM_ADDRESS_reg[0]        3.5284    0.1027      3.631 (97%)     85.2078   
IR_reg[9]                  3.1471    0.1592      3.306 (95%)     82.9649   
IR_reg[0]                  3.1464    0.4614      3.608 (87%)     82.9420   
IR_reg[20]                 3.1434    0.0913      3.235 (97%)     82.9488   
IR_reg[27]                 3.1406    0.1639      3.304 (95%)     82.9861   
IR_reg[24]                 3.1391    0.0928      3.232 (97%)     82.9902   
IR_reg[3]                  3.1363    0.5193      3.656 (86%)     82.9378   
IR_reg[2]                  3.1352    0.2342      3.369 (93%)     83.0058   
IR_reg[31]                 3.1338    0.4123      3.546 (88%)     82.9688   
IR_reg[1]                  3.1336    0.3627      3.496 (90%)     82.9004   
IR_reg[28]                 3.1334    0.2973      3.431 (91%)     82.8909   
IR_reg[23]                 3.1322    0.0908      3.223 (97%)     82.9300   
IR_reg[14]                 3.1288    0.0887      3.217 (97%)     82.9414   
IR_reg[29]                 3.1258    0.5663      3.692 (85%)     82.9215   
IR_reg[22]                 3.1255    0.0892      3.215 (97%)     82.9473   
IR_reg[4]                  3.1249    0.1585      3.283 (95%)     82.9676   
IR_reg[10]                 3.1241    0.1574      3.282 (95%)     82.9330   
IR_reg[6]                  3.1229    0.1519      3.275 (95%)     82.8936   
IR_reg[8]                  3.1225    0.1594      3.282 (95%)     82.9271   
IR_reg[18]                 3.1211    0.0894      3.210 (97%)     82.9083   
IR_reg[13]                 3.1207    0.0879      3.209 (97%)     82.8796   
IR_reg[26]                 3.1207    0.5137      3.634 (86%)     82.9166   
IR_reg[19]                 3.1195    0.0881      3.208 (97%)     82.9562   
IR_reg[30]                 3.1177    0.6449      3.763 (83%)     82.9553   
IR_reg[15]                 3.1175    0.0880      3.206 (97%)     82.9214   
IR_reg[16]                 3.1162    0.0883      3.205 (97%)     82.9356   
IR_reg[25]                 3.1150    0.0894      3.204 (97%)     82.9487   
IR_reg[21]                 3.1134    0.0873      3.201 (97%)     82.8990   
IR_reg[7]                  3.1087    0.1513      3.260 (95%)     82.8750   
IR_reg[17]                 3.1084    0.0859      3.194 (97%)     82.9010   
IR_reg[5]                  3.1071    0.2781      3.385 (92%)     82.9210   
IR_reg[11]                 3.1053    0.0856      3.191 (97%)     82.8343   
IR_reg[12]                 3.0984    0.0840      3.182 (97%)     82.8827   
pc_in_i_reg[1]             2.1776    0.0192      2.197 (99%)     80.2441   
IRAM_ADDRESS_reg[1]        2.1773 5.772e-03      2.183 (100%)    80.2441   
IRAM_ADDRESS_reg[2]        1.8163    0.0000      1.816 (100%)    79.3721   
pc_in_i_reg[2]             1.8163    0.0000      1.816 (100%)    79.3721   
IRAM_ADDRESS_reg[3]        1.8159    0.0000      1.816 (100%)    79.3714   
IRAM_ADDRESS_reg[4]        1.8159    0.0000      1.816 (100%)    79.3714   
IRAM_ADDRESS_reg[5]        1.8159    0.0000      1.816 (100%)    79.3714   
IRAM_ADDRESS_reg[6]        1.8159    0.0000      1.816 (100%)    79.3714   
IRAM_ADDRESS_reg[7]        1.8159    0.0000      1.816 (100%)    79.3714   
IRAM_ADDRESS_reg[8]        1.8159    0.0000      1.816 (100%)    79.3714   
IRAM_ADDRESS_reg[9]        1.8159    0.0000      1.816 (100%)    79.3714   
IRAM_ADDRESS_reg[10]       1.8159    0.0000      1.816 (100%)    79.3714   
IRAM_ADDRESS_reg[11]       1.8159    0.0000      1.816 (100%)    79.3714   
IRAM_ADDRESS_reg[12]       1.8159    0.0000      1.816 (100%)    79.3714   
IRAM_ADDRESS_reg[13]       1.8159    0.0000      1.816 (100%)    79.3714   
IRAM_ADDRESS_reg[14]       1.8159    0.0000      1.816 (100%)    79.3714   
IRAM_ADDRESS_reg[15]       1.8159    0.0000      1.816 (100%)    79.3714   
IRAM_ADDRESS_reg[16]       1.8159    0.0000      1.816 (100%)    79.3714   
IRAM_ADDRESS_reg[17]       1.8159    0.0000      1.816 (100%)    79.3714   
IRAM_ADDRESS_reg[18]       1.8159    0.0000      1.816 (100%)    79.3714   
IRAM_ADDRESS_reg[19]       1.8159    0.0000      1.816 (100%)    79.3714   
IRAM_ADDRESS_reg[20]       1.8159    0.0000      1.816 (100%)    79.3714   
IRAM_ADDRESS_reg[21]       1.8159    0.0000      1.816 (100%)    79.3714   
IRAM_ADDRESS_reg[22]       1.8159    0.0000      1.816 (100%)    79.3714   
IRAM_ADDRESS_reg[23]       1.8159    0.0000      1.816 (100%)    79.3714   
IRAM_ADDRESS_reg[24]       1.8159    0.0000      1.816 (100%)    79.3714   
IRAM_ADDRESS_reg[25]       1.8159    0.0000      1.816 (100%)    79.3714   
IRAM_ADDRESS_reg[26]       1.8159    0.0000      1.816 (100%)    79.3714   
IRAM_ADDRESS_reg[27]       1.8159    0.0000      1.816 (100%)    79.3714   
IRAM_ADDRESS_reg[28]       1.8159    0.0000      1.816 (100%)    79.3714   
IRAM_ADDRESS_reg[29]       1.8159    0.0000      1.816 (100%)    79.3714   
IRAM_ADDRESS_reg[30]       1.8159    0.0000      1.816 (100%)    79.3714   
IRAM_ADDRESS_reg[31]       1.8159    0.0000      1.816 (100%)    79.3714   
pc_in_i_reg[3]             1.8159    0.0000      1.816 (100%)    79.3714   
pc_in_i_reg[4]             1.8159    0.0000      1.816 (100%)    79.3714   
pc_in_i_reg[5]             1.8159    0.0000      1.816 (100%)    79.3714   
pc_in_i_reg[6]             1.8159    0.0000      1.816 (100%)    79.3714   
pc_in_i_reg[7]             1.8159    0.0000      1.816 (100%)    79.3714   
pc_in_i_reg[8]             1.8159    0.0000      1.816 (100%)    79.3714   
pc_in_i_reg[9]             1.8159    0.0000      1.816 (100%)    79.3714   
pc_in_i_reg[10]            1.8159    0.0000      1.816 (100%)    79.3714   
pc_in_i_reg[11]            1.8159    0.0000      1.816 (100%)    79.3714   
pc_in_i_reg[12]            1.8159    0.0000      1.816 (100%)    79.3714   
pc_in_i_reg[13]            1.8159    0.0000      1.816 (100%)    79.3714   
pc_in_i_reg[14]            1.8159    0.0000      1.816 (100%)    79.3714   
pc_in_i_reg[15]            1.8159    0.0000      1.816 (100%)    79.3714   
pc_in_i_reg[16]            1.8159    0.0000      1.816 (100%)    79.3714   
pc_in_i_reg[17]            1.8159    0.0000      1.816 (100%)    79.3714   
pc_in_i_reg[18]            1.8159    0.0000      1.816 (100%)    79.3714   
pc_in_i_reg[19]            1.8159    0.0000      1.816 (100%)    79.3714   
pc_in_i_reg[20]            1.8159    0.0000      1.816 (100%)    79.3714   
pc_in_i_reg[21]            1.8159    0.0000      1.816 (100%)    79.3714   
pc_in_i_reg[22]            1.8159    0.0000      1.816 (100%)    79.3714   
pc_in_i_reg[23]            1.8159    0.0000      1.816 (100%)    79.3714   
pc_in_i_reg[24]            1.8159    0.0000      1.816 (100%)    79.3714   
pc_in_i_reg[25]            1.8159    0.0000      1.816 (100%)    79.3714   
pc_in_i_reg[26]            1.8159    0.0000      1.816 (100%)    79.3714   
pc_in_i_reg[27]            1.8159    0.0000      1.816 (100%)    79.3714   
pc_in_i_reg[28]            1.8159    0.0000      1.816 (100%)    79.3714   
pc_in_i_reg[29]            1.8159    0.0000      1.816 (100%)    79.3714   
pc_in_i_reg[30]            1.8159    0.0000      1.816 (100%)    79.3714   
pc_in_i_reg[31]            1.8159    0.0000      1.816 (100%)    79.3714   
U192                       0.9660    0.2686      1.235 (78%)     33.6128   
U194                       0.9645    0.2683      1.233 (78%)     33.6193   
U163                       0.9632    0.2679      1.231 (78%)     33.6185   
U178                       0.9614    0.2674      1.229 (78%)     33.6158   
U182                       0.9597    0.2669      1.227 (78%)     33.6183   
U172                       0.9592    0.2669      1.226 (78%)     33.6130   
U164                       0.9591    0.2668      1.226 (78%)     33.6054   
U187                       0.9584    0.2666      1.225 (78%)     33.6285   
U185                       0.9579    0.2665      1.224 (78%)     33.6166   
U183                       0.9568    0.2662      1.223 (78%)     33.6116   
U169                       0.9561    0.2660      1.222 (78%)     33.5995   
U175                       0.9537    0.2652      1.219 (78%)     33.6040   
U166                       0.9535    0.2652      1.219 (78%)     33.6149   
U167                       0.9534    0.2652      1.219 (78%)     33.6164   
U176                       0.9531    0.2651      1.218 (78%)     33.6036   
U171                       0.9525    0.2650      1.217 (78%)     33.6129   
U177                       0.9525    0.2649      1.217 (78%)     33.6084   
U180                       0.9518    0.2647      1.216 (78%)     33.6062   
U190                       0.9514    0.2647      1.216 (78%)     33.6228   
U191                       0.9509    0.2645      1.215 (78%)     33.6004   
U189                       0.9508    0.2644      1.215 (78%)     33.6127   
U174                       0.9504    0.2643      1.215 (78%)     33.5980   
U186                       0.9494    0.2641      1.214 (78%)     33.6126   
U170                       0.9492    0.2640      1.213 (78%)     33.5986   
U188                       0.9488    0.2639      1.213 (78%)     33.6221   
U179                       0.9477    0.2636      1.211 (78%)     33.6141   
U181                       0.9435    0.2624      1.206 (78%)     33.6095   
U165                       0.9430    0.2624      1.205 (78%)     33.6248   
U168                       0.9422    0.2621      1.204 (78%)     33.6042   
U173                       0.9405    0.2617      1.202 (78%)     33.6095   
U193                       0.9369    0.2604      1.197 (78%)     33.6220   
U184                       0.9347    0.2600      1.195 (78%)     33.6008   
U196                       0.7410    0.1852      0.926 (80%)     36.7466   
U195                       0.7406    0.1852      0.926 (80%)     36.7466   
U198                       0.3184    0.0892      0.408 (78%)     30.3108   
U197                       0.3184    0.0892      0.408 (78%)     30.3108   
U199                    5.594e-04 1.593e-04   7.19e-04 (78%)     29.4777   
U200                    5.594e-04 1.593e-04   7.19e-04 (78%)     29.4777   
U201                       0.0000    0.0000      0.000 (N/A)     29.4766   
U202                       0.0000    0.0000      0.000 (N/A)     29.4766   
U203                       0.0000    0.0000      0.000 (N/A)     29.4766   
U204                       0.0000    0.0000      0.000 (N/A)     29.4766   
U205                       0.0000    0.0000      0.000 (N/A)     29.4766   
U206                       0.0000    0.0000      0.000 (N/A)     29.4766   
U207                       0.0000    0.0000      0.000 (N/A)     29.4766   
U208                       0.0000    0.0000      0.000 (N/A)     29.4766   
U209                       0.0000    0.0000      0.000 (N/A)     29.4766   
U210                       0.0000    0.0000      0.000 (N/A)     29.4766   
U211                       0.0000    0.0000      0.000 (N/A)     29.4766   
U212                       0.0000    0.0000      0.000 (N/A)     29.4766   
U213                       0.0000    0.0000      0.000 (N/A)     29.4766   
U214                       0.0000    0.0000      0.000 (N/A)     29.4766   
U215                       0.0000    0.0000      0.000 (N/A)     29.4766   
U216                       0.0000    0.0000      0.000 (N/A)     29.4766   
U217                       0.0000    0.0000      0.000 (N/A)     29.4766   
U218                       0.0000    0.0000      0.000 (N/A)     29.4766   
U219                       0.0000    0.0000      0.000 (N/A)     29.4766   
U220                       0.0000    0.0000      0.000 (N/A)     29.4766   
U221                       0.0000    0.0000      0.000 (N/A)     29.4766   
U222                       0.0000    0.0000      0.000 (N/A)     29.4766   
U223                       0.0000    0.0000      0.000 (N/A)     29.4766   
U224                       0.0000    0.0000      0.000 (N/A)     29.4766   
U225                       0.0000    0.0000      0.000 (N/A)     29.4766   
U226                       0.0000    0.0000      0.000 (N/A)     29.4766   
U227                       0.0000    0.0000      0.000 (N/A)     29.4766   
U228                       0.0000    0.0000      0.000 (N/A)     29.4766   
U229                       0.0000    0.0000      0.000 (N/A)     29.4766   
U230                       0.0000    0.0000      0.000 (N/A)     29.4766   
U231                       0.0000    0.0000      0.000 (N/A)     29.4766   
U232                       0.0000    0.0000      0.000 (N/A)     29.4766   
U233                       0.0000    0.0000      0.000 (N/A)     29.4766   
U234                       0.0000    0.0000      0.000 (N/A)     29.4766   
U235                       0.0000    0.0000      0.000 (N/A)     29.4766   
U236                       0.0000    0.0000      0.000 (N/A)     29.4766   
U237                       0.0000    0.0000      0.000 (N/A)     29.4766   
U238                       0.0000    0.0000      0.000 (N/A)     29.4766   
U239                       0.0000    0.0000      0.000 (N/A)     29.4766   
U240                       0.0000    0.0000      0.000 (N/A)     29.4766   
U241                       0.0000    0.0000      0.000 (N/A)     29.4766   
U242                       0.0000    0.0000      0.000 (N/A)     29.4766   
U243                       0.0000    0.0000      0.000 (N/A)     29.4766   
U244                       0.0000    0.0000      0.000 (N/A)     29.4766   
U245                       0.0000    0.0000      0.000 (N/A)     29.4766   
U246                       0.0000    0.0000      0.000 (N/A)     29.4766   
U247                       0.0000    0.0000      0.000 (N/A)     29.4766   
U248                       0.0000    0.0000      0.000 (N/A)     29.4766   
U249                       0.0000    0.0000      0.000 (N/A)     29.4766   
U250                       0.0000    0.0000      0.000 (N/A)     29.4766   
U251                       0.0000    0.0000      0.000 (N/A)     29.4766   
U252                       0.0000    0.0000      0.000 (N/A)     29.4766   
U253                       0.0000    0.0000      0.000 (N/A)     29.4766   
U254                       0.0000    0.0000      0.000 (N/A)     29.4766   
U255                       0.0000    0.0000      0.000 (N/A)     29.4766   
U256                       0.0000    0.0000      0.000 (N/A)     29.4766   
U257                       0.0000    0.0000      0.000 (N/A)     29.4766   
U258                       0.0000    0.0000      0.000 (N/A)     29.4766   
--------------------------------------------------------------------------------
Totals (194 cells)         3.148mW     N/A         N/A (N/A)    289.405uW
1
