 
****************************************
Report : power
        -net
        -analysis_effort low
        -sort_mode net_switching_power
Design : DLX_IR_SIZE32_PC_SIZE32
Version: Z-2007.03-SP1
Date   : Tue Jul 18 14:16:58 2017
****************************************


Library(s) Used:

    NangateOpenCellLibrary (File: /home/mariagrazia.graziano/do/libnangate/NangateOpenCellLibrary_typical_ecsm.db)


Operating Conditions: typical   Library: NangateOpenCellLibrary
Wire Load Model Mode: top

Design        Wire Load Model            Library
------------------------------------------------
DLX_IR_SIZE32_PC_SIZE32
                       5K_hvratio_1_1    NangateOpenCellLibrary


Global Operating Voltage = 1.1  
Power-specific unit information :
    Voltage Units = 1V
    Capacitance Units = 1.000000ff
    Time Units = 1ns
    Dynamic Power Units = 1uW    (derived from V,C,T units)
    Leakage Power Units = 1nW



  Attributes
  ----------
      a  -  Switching activity information annotated on net
      d  -  Default switching activity information on net

                             Total      Static   Toggle   Switching
Net                          Net Load   Prob.    Rate     Power      Attrs
--------------------------------------------------------------------------------
EN0_int                      264.505    0.512    0.1139     18.2256  
IR[30]                        19.926    0.054    0.0535      0.6449  
IR[29]                        17.967    0.052    0.0521      0.5663  
IR[3]                         15.934    0.053    0.0539      0.5193  
IR[26]                        16.176    0.052    0.0525      0.5137  
IR[0]                         13.923    0.053    0.0548      0.4614  
IR[31]                        12.834    0.053    0.0531      0.4123  
DRAM_ADDRESS[0]                3.249    0.192    0.2079      0.4087  
IR[1]                         11.356    0.051    0.0528      0.3627  
pc_in_i[0]                     5.479    0.100    0.1031      0.3419  
IR[28]                         9.302    0.050    0.0528      0.2973  
IR[5]                          9.084    0.051    0.0506      0.2781  
n228                           1.438    0.274    0.3087      0.2686  
n226                           1.438    0.277    0.3083      0.2683  
n257                           1.438    0.275    0.3080      0.2679  
n242                           1.438    0.273    0.3074      0.2674  
n238                           1.438    0.276    0.3068      0.2669  
n248                           1.438    0.278    0.3068      0.2669  
n256                           1.438    0.272    0.3066      0.2668  
n233                           1.438    0.278    0.3065      0.2666  
n235                           1.438    0.276    0.3063      0.2665  
n237                           1.438    0.276    0.3060      0.2662  
n251                           1.438    0.273    0.3057      0.2660  
n245                           1.438    0.271    0.3048      0.2652  
n253                           1.438    0.278    0.3048      0.2652  
n254                           1.438    0.275    0.3048      0.2652  
n244                           1.438    0.271    0.3047      0.2651  
n249                           1.438    0.274    0.3046      0.2650  
n243                           1.438    0.276    0.3045      0.2649  
n230                           1.438    0.279    0.3043      0.2647  
n240                           1.438    0.272    0.3043      0.2647  
n229                           1.438    0.272    0.3040      0.2645  
n231                           1.438    0.273    0.3039      0.2644  
n246                           1.438    0.267    0.3038      0.2643  
n234                           1.438    0.274    0.3036      0.2641  
n250                           1.438    0.271    0.3035      0.2640  
n232                           1.438    0.275    0.3034      0.2639  
n241                           1.438    0.275    0.3030      0.2636  
n239                           1.438    0.273    0.3017      0.2624  
n255                           1.438    0.280    0.3016      0.2624  
n252                           1.438    0.275    0.3012      0.2621  
n247                           1.438    0.275    0.3008      0.2617  
n227                           1.438    0.276    0.2993      0.2604  
n236                           1.438    0.273    0.2988      0.2600  
IR[2]                          7.075    0.055    0.0547      0.2342  
n224                           1.438    0.481    0.2129      0.1852  
n225                           1.438    0.481    0.2129      0.1852  
IR[27]                         4.921    0.054    0.0551      0.1639  
pc_out_i[0]                    2.588    0.900    0.1027      0.1609  
pc_out_i[1]                    2.588    0.104    0.1025      0.1605  
IR[8]                          4.985    0.052    0.0529      0.1594  
IR[9]                          4.837    0.052    0.0544      0.1592  
IR[4]                          4.958    0.053    0.0528      0.1585  
IR[10]                         4.895    0.052    0.0532      0.1574  
IR[6]                          4.873    0.050    0.0515      0.1519  
IR[7]                          4.936    0.050    0.0507      0.1513  
EN1_int                       15.562    0.025    0.0120      0.1132  
IRAM_ADDRESS[0]                1.645    0.100    0.1031      0.1027  
IR[24]                         2.774    0.055    0.0553      0.0928  
IR[20]                         2.774    0.052    0.0544      0.0913  
IR[23]                         2.774    0.052    0.0541      0.0908  
IR[18]                         2.774    0.052    0.0533      0.0894  
IR[25]                         2.774    0.054    0.0533      0.0894  
n222                           1.438    0.070    0.1025      0.0892  
n223                           1.438    0.070    0.1025      0.0892  
IR[22]                         2.774    0.053    0.0532      0.0892  
IR[14]                         2.774    0.051    0.0529      0.0887  
IR[16]                         2.774    0.052    0.0526      0.0883  
IR[19]                         2.774    0.053    0.0525      0.0881  
IR[15]                         2.774    0.053    0.0525      0.0880  
IR[13]                         2.774    0.050    0.0524      0.0879  
IR[21]                         2.774    0.050    0.0520      0.0873  
IR[17]                         2.774    0.051    0.0512      0.0859  
IR[11]                         2.774    0.049    0.0510      0.0856  
IR[12]                         2.774    0.051    0.0500      0.0840  
DRAM_ADDRESS[1]                3.249    0.020    0.0196      0.0385  
pc_in_i[1]                     5.479    0.005    0.0058      0.0192  
RF1_int                        2.058    0.022    0.0105      0.0131  
EN2_int                        1.438    0.025    0.0120      0.0105  
EN3_int                        1.438    0.025    0.0120      0.0105  
S2_int                         1.438    0.025    0.0117      0.0102  
S1_int                         1.438    0.022    0.0105      0.0091  
WF1_int                        1.438    0.017    0.0084      0.0073  
S3_int                         1.438    0.015    0.0074      0.0064  
IRAM_ADDRESS[1]                1.645    0.005    0.0058      0.0058  
ALU3_int                       1.438    0.011    0.0053      0.0046  
ALU1_int                       1.438    0.008    0.0041      0.0036  
ALU2_int                       1.438    0.008    0.0039      0.0034  
JUMP_EN_int                    1.438    0.006    0.0031      0.0027  
ALU4_int                       1.438    0.006    0.0029      0.0025  
DEN_int                        1.438    0.004    0.0016      0.0014  
RW_int                         1.438    0.002    0.0010      0.0009  
RF2_int                        2.058    0.002    0.0006      0.0008  
EQ_COND_int                    1.438    0.002    0.0007      0.0006  
pc_out_i[2]                    2.588    0.000    0.0002      0.0003  
DRAM_ISSUE                     0.310    0.001    0.0012      0.0002  
n220                           1.438    0.000    0.0002      0.0002  
n221                           1.438    0.000    0.0002      0.0002  
DRAM_READNOTWRITE              0.310    0.001    0.0007      0.0001  
DRAM_DATA_out[1]               0.310    0.000    0.0006      0.0001  
DRAM_DATA_out[0]               0.310    0.000    0.61e-4  1.144e-05  
DRAM_DATA_out[2]               0.310    0.000    0.61e-4  1.144e-05  
DRAM_DATA_out[3]               0.310    0.000    0.61e-4  1.144e-05  
DRAM_DATA_out[8]               0.310    0.000    0.61e-4  1.144e-05  
DRAM_DATA_out[9]               0.310    0.000    0.61e-4  1.144e-05  
DRAM_DATA_out[10]              0.310    0.000    0.61e-4  1.144e-05  
DRAM_DATA_out[11]              0.310    0.000    0.61e-4  1.144e-05  
DRAM_DATA_out[13]              0.310    0.000    0.61e-4  1.144e-05  
DRAM_DATA_out[14]              0.310    0.000    0.61e-4  1.144e-05  
DRAM_DATA_out[18]              0.310    0.000    0.61e-4  1.144e-05  
DRAM_DATA_out[19]              0.310    0.000    0.61e-4  1.144e-05  
DRAM_DATA_out[22]              0.310    0.000    0.61e-4  1.144e-05  
DRAM_DATA_out[23]              0.310    0.000    0.61e-4  1.144e-05  
DRAM_DATA_out[24]              0.310    0.000    0.61e-4  1.144e-05  
DRAM_DATA_out[25]              0.310    0.000    0.61e-4  1.144e-05  
DRAM_DATA_out[26]              0.310    0.000    0.61e-4  1.144e-05  
DRAM_DATA_out[30]              0.310    0.000    0.61e-4  1.144e-05  
DRAM_DATA_out[31]              0.310    0.000    0.61e-4  1.144e-05  
DRAM_ADDRESS[2]                3.249    0.000    0.0000      0.0000  
DRAM_ADDRESS[3]                3.249    0.000    0.0000      0.0000  
DRAM_ADDRESS[4]                3.249    0.000    0.0000      0.0000  
DRAM_ADDRESS[5]                3.249    0.000    0.0000      0.0000  
DRAM_ADDRESS[6]                3.249    0.000    0.0000      0.0000  
DRAM_ADDRESS[7]                3.249    0.000    0.0000      0.0000  
DRAM_ADDRESS[8]                3.249    0.000    0.0000      0.0000  
DRAM_ADDRESS[9]                3.249    0.000    0.0000      0.0000  
DRAM_ADDRESS[10]               3.249    0.000    0.0000      0.0000  
DRAM_ADDRESS[11]               3.249    0.000    0.0000      0.0000  
DRAM_ADDRESS[12]               3.249    0.000    0.0000      0.0000  
DRAM_ADDRESS[13]               3.249    0.000    0.0000      0.0000  
DRAM_ADDRESS[14]               3.249    0.000    0.0000      0.0000  
DRAM_ADDRESS[15]               3.249    0.000    0.0000      0.0000  
DRAM_ADDRESS[16]               3.249    0.000    0.0000      0.0000  
DRAM_ADDRESS[17]               3.249    0.000    0.0000      0.0000  
DRAM_ADDRESS[18]               3.249    0.000    0.0000      0.0000  
DRAM_ADDRESS[19]               3.249    0.000    0.0000      0.0000  
DRAM_ADDRESS[20]               3.249    0.000    0.0000      0.0000  
DRAM_ADDRESS[21]               3.249    0.000    0.0000      0.0000  
DRAM_ADDRESS[22]               3.249    0.000    0.0000      0.0000  
DRAM_ADDRESS[23]               3.249    0.000    0.0000      0.0000  
DRAM_ADDRESS[24]               3.249    0.000    0.0000      0.0000  
DRAM_ADDRESS[25]               3.249    0.000    0.0000      0.0000  
DRAM_ADDRESS[26]               3.249    0.000    0.0000      0.0000  
DRAM_ADDRESS[27]               3.249    0.000    0.0000      0.0000  
DRAM_ADDRESS[28]               3.249    0.000    0.0000      0.0000  
DRAM_ADDRESS[29]               3.249    0.000    0.0000      0.0000  
DRAM_ADDRESS[30]               3.249    0.000    0.0000      0.0000  
DRAM_ADDRESS[31]               3.249    0.000    0.0000      0.0000  
DRAM_DATA_out[4]               0.310    0.000    0.0000      0.0000  
DRAM_DATA_out[5]               0.310    0.000    0.0000      0.0000  
DRAM_DATA_out[6]               0.310    0.000    0.0000      0.0000  
DRAM_DATA_out[7]               0.310    0.000    0.0000      0.0000  
DRAM_DATA_out[12]              0.310    0.000    0.0000      0.0000  
DRAM_DATA_out[15]              0.310    0.000    0.0000      0.0000  
DRAM_DATA_out[16]              0.310    0.000    0.0000      0.0000  
DRAM_DATA_out[17]              0.310    0.000    0.0000      0.0000  
DRAM_DATA_out[20]              0.310    0.000    0.0000      0.0000  
DRAM_DATA_out[21]              0.310    0.000    0.0000      0.0000  
DRAM_DATA_out[27]              0.310    0.000    0.0000      0.0000  
DRAM_DATA_out[28]              0.310    0.000    0.0000      0.0000  
DRAM_DATA_out[29]              0.310    0.000    0.0000      0.0000  
IRAM_ADDRESS[2]                1.645    0.000    0.0000      0.0000  
IRAM_ADDRESS[3]                1.645    0.000    0.0000      0.0000  
IRAM_ADDRESS[4]                1.645    0.000    0.0000      0.0000  
IRAM_ADDRESS[5]                1.645    0.000    0.0000      0.0000  
IRAM_ADDRESS[6]                1.645    0.000    0.0000      0.0000  
IRAM_ADDRESS[7]                1.645    0.000    0.0000      0.0000  
IRAM_ADDRESS[8]                1.645    0.000    0.0000      0.0000  
IRAM_ADDRESS[9]                1.645    0.000    0.0000      0.0000  
IRAM_ADDRESS[10]               1.645    0.000    0.0000      0.0000  
IRAM_ADDRESS[11]               1.645    0.000    0.0000      0.0000  
IRAM_ADDRESS[12]               1.645    0.000    0.0000      0.0000  
IRAM_ADDRESS[13]               1.645    0.000    0.0000      0.0000  
IRAM_ADDRESS[14]               1.645    0.000    0.0000      0.0000  
IRAM_ADDRESS[15]               1.645    0.000    0.0000      0.0000  
IRAM_ADDRESS[16]               1.645    0.000    0.0000      0.0000  
IRAM_ADDRESS[17]               1.645    0.000    0.0000      0.0000  
IRAM_ADDRESS[18]               1.645    0.000    0.0000      0.0000  
IRAM_ADDRESS[19]               1.645    0.000    0.0000      0.0000  
IRAM_ADDRESS[20]               1.645    0.000    0.0000      0.0000  
IRAM_ADDRESS[21]               1.645    0.000    0.0000      0.0000  
IRAM_ADDRESS[22]               1.645    0.000    0.0000      0.0000  
IRAM_ADDRESS[23]               1.645    0.000    0.0000      0.0000  
IRAM_ADDRESS[24]               1.645    0.000    0.0000      0.0000  
IRAM_ADDRESS[25]               1.645    0.000    0.0000      0.0000  
IRAM_ADDRESS[26]               1.645    0.000    0.0000      0.0000  
IRAM_ADDRESS[27]               1.645    0.000    0.0000      0.0000  
IRAM_ADDRESS[28]               1.645    0.000    0.0000      0.0000  
IRAM_ADDRESS[29]               1.645    0.000    0.0000      0.0000  
IRAM_ADDRESS[30]               1.645    0.000    0.0000      0.0000  
IRAM_ADDRESS[31]               1.645    0.000    0.0000      0.0000  
n162                           1.438    0.000    0.0000      0.0000  
n163                           1.438    0.000    0.0000      0.0000  
n164                           1.438    0.000    0.0000      0.0000  
n165                           1.438    0.000    0.0000      0.0000  
n166                           1.438    0.000    0.0000      0.0000  
n167                           1.438    0.000    0.0000      0.0000  
n168                           1.438    0.000    0.0000      0.0000  
n169                           1.438    0.000    0.0000      0.0000  
n170                           1.438    0.000    0.0000      0.0000  
n171                           1.438    0.000    0.0000      0.0000  
n172                           1.438    0.000    0.0000      0.0000  
n173                           1.438    0.000    0.0000      0.0000  
n174                           1.438    0.000    0.0000      0.0000  
n175                           1.438    0.000    0.0000      0.0000  
n176                           1.438    0.000    0.0000      0.0000  
n177                           1.438    0.000    0.0000      0.0000  
n178                           1.438    0.000    0.0000      0.0000  
n179                           1.438    0.000    0.0000      0.0000  
n180                           1.438    0.000    0.0000      0.0000  
n181                           1.438    0.000    0.0000      0.0000  
n182                           1.438    0.000    0.0000      0.0000  
n183                           1.438    0.000    0.0000      0.0000  
n184                           1.438    0.000    0.0000      0.0000  
n185                           1.438    0.000    0.0000      0.0000  
n186                           1.438    0.000    0.0000      0.0000  
n187                           1.438    0.000    0.0000      0.0000  
n188                           1.438    0.000    0.0000      0.0000  
n189                           1.438    0.000    0.0000      0.0000  
n190                           1.438    0.000    0.0000      0.0000  
n191                           1.438    0.000    0.0000      0.0000  
n192                           1.438    0.000    0.0000      0.0000  
n193                           1.438    0.000    0.0000      0.0000  
n194                           1.438    0.000    0.0000      0.0000  
n195                           1.438    0.000    0.0000      0.0000  
n196                           1.438    0.000    0.0000      0.0000  
n197                           1.438    0.000    0.0000      0.0000  
n198                           1.438    0.000    0.0000      0.0000  
n199                           1.438    0.000    0.0000      0.0000  
n200                           1.438    0.000    0.0000      0.0000  
n201                           1.438    0.000    0.0000      0.0000  
n202                           1.438    0.000    0.0000      0.0000  
n203                           1.438    0.000    0.0000      0.0000  
n204                           1.438    0.000    0.0000      0.0000  
n205                           1.438    0.000    0.0000      0.0000  
n206                           1.438    0.000    0.0000      0.0000  
n207                           1.438    0.000    0.0000      0.0000  
n208                           1.438    0.000    0.0000      0.0000  
n209                           1.438    0.000    0.0000      0.0000  
n210                           1.438    0.000    0.0000      0.0000  
n211                           1.438    0.000    0.0000      0.0000  
n212                           1.438    0.000    0.0000      0.0000  
n213                           1.438    0.000    0.0000      0.0000  
n214                           1.438    0.000    0.0000      0.0000  
n215                           1.438    0.000    0.0000      0.0000  
n216                           1.438    0.000    0.0000      0.0000  
n217                           1.438    0.000    0.0000      0.0000  
n218                           1.438    0.000    0.0000      0.0000  
n219                           1.438    0.000    0.0000      0.0000  
pc_in_i[2]                     5.479    0.000    0.0000      0.0000  
pc_in_i[3]                     5.479    0.000    0.0000      0.0000  
pc_in_i[4]                     5.479    0.000    0.0000      0.0000  
pc_in_i[5]                     5.479    0.000    0.0000      0.0000  
pc_in_i[6]                     5.479    0.000    0.0000      0.0000  
pc_in_i[7]                     5.479    0.000    0.0000      0.0000  
pc_in_i[8]                     5.479    0.000    0.0000      0.0000  
pc_in_i[9]                     5.479    0.000    0.0000      0.0000  
pc_in_i[10]                    5.479    0.000    0.0000      0.0000  
pc_in_i[11]                    5.479    0.000    0.0000      0.0000  
pc_in_i[12]                    5.479    0.000    0.0000      0.0000  
pc_in_i[13]                    5.479    0.000    0.0000      0.0000  
pc_in_i[14]                    5.479    0.000    0.0000      0.0000  
pc_in_i[15]                    5.479    0.000    0.0000      0.0000  
pc_in_i[16]                    5.479    0.000    0.0000      0.0000  
pc_in_i[17]                    5.479    0.000    0.0000      0.0000  
pc_in_i[18]                    5.479    0.000    0.0000      0.0000  
pc_in_i[19]                    5.479    0.000    0.0000      0.0000  
pc_in_i[20]                    5.479    0.000    0.0000      0.0000  
pc_in_i[21]                    5.479    0.000    0.0000      0.0000  
pc_in_i[22]                    5.479    0.000    0.0000      0.0000  
pc_in_i[23]                    5.479    0.000    0.0000      0.0000  
pc_in_i[24]                    5.479    0.000    0.0000      0.0000  
pc_in_i[25]                    5.479    0.000    0.0000      0.0000  
pc_in_i[26]                    5.479    0.000    0.0000      0.0000  
pc_in_i[27]                    5.479    0.000    0.0000      0.0000  
pc_in_i[28]                    5.479    0.000    0.0000      0.0000  
pc_in_i[29]                    5.479    0.000    0.0000      0.0000  
pc_in_i[30]                    5.479    0.000    0.0000      0.0000  
pc_in_i[31]                    5.479    0.000    0.0000      0.0000  
pc_out_i[3]                    2.588    0.000    0.0000      0.0000  
pc_out_i[4]                    2.588    0.000    0.0000      0.0000  
pc_out_i[5]                    2.588    0.000    0.0000      0.0000  
pc_out_i[6]                    2.588    0.000    0.0000      0.0000  
pc_out_i[7]                    2.588    0.000    0.0000      0.0000  
pc_out_i[8]                    2.588    0.000    0.0000      0.0000  
pc_out_i[9]                    2.588    0.000    0.0000      0.0000  
pc_out_i[10]                   2.588    0.000    0.0000      0.0000  
pc_out_i[11]                   2.588    0.000    0.0000      0.0000  
pc_out_i[12]                   2.588    0.000    0.0000      0.0000  
pc_out_i[13]                   2.588    0.000    0.0000      0.0000  
pc_out_i[14]                   2.588    0.000    0.0000      0.0000  
pc_out_i[15]                   2.588    0.000    0.0000      0.0000  
pc_out_i[16]                   2.588    0.000    0.0000      0.0000  
pc_out_i[17]                   2.588    0.000    0.0000      0.0000  
pc_out_i[18]                   2.588    0.000    0.0000      0.0000  
pc_out_i[19]                   2.588    0.000    0.0000      0.0000  
pc_out_i[20]                   2.588    0.000    0.0000      0.0000  
pc_out_i[21]                   2.588    0.000    0.0000      0.0000  
pc_out_i[22]                   2.588    0.000    0.0000      0.0000  
pc_out_i[23]                   2.588    0.000    0.0000      0.0000  
pc_out_i[24]                   2.588    0.000    0.0000      0.0000  
pc_out_i[25]                   2.588    0.000    0.0000      0.0000  
pc_out_i[26]                   2.588    0.000    0.0000      0.0000  
pc_out_i[27]                   2.588    0.000    0.0000      0.0000  
pc_out_i[28]                   2.588    0.000    0.0000      0.0000  
pc_out_i[29]                   2.588    0.000    0.0000      0.0000  
pc_out_i[30]                   2.588    0.000    0.0000      0.0000  
pc_out_i[31]                   2.588    0.000    0.0000      0.0000  
--------------------------------------------------------------------------------
Total (308 nets)                                            35.4091 uW
1
